[32m2022-06-14 12:19:11[0m - [33mstarting the experiments with threshold value: 1[0m
[32m2022-06-14 12:19:11[0m - [32m***************************************[0m
[32m2022-06-14 12:19:11[0m - [32mMUTANT COUNT
[0m
[32m2022-06-14 12:19:11[0m - changing the threshold values to 1
[32m2022-06-14 12:19:11[0m - threshold values have been changed
[32m2022-06-14 12:19:11[0m - printing the threshold values
[32m2022-06-14 12:19:37[0m - [33mstarting the experiments with threshold value: 1[0m
[32m2022-06-14 12:19:37[0m - [32m***************************************[0m
[32m2022-06-14 12:19:37[0m - [32mMUTANT COUNT
[0m
[32m2022-06-14 12:19:37[0m - changing the threshold values to 1
[32m2022-06-14 12:19:37[0m - threshold values have been changed
[32m2022-06-14 12:19:37[0m - printing the threshold values
[32m2022-06-14 12:20:05[0m - [33mstarting the experiments with threshold value: 1[0m
[32m2022-06-14 12:20:05[0m - [32m***************************************[0m
[32m2022-06-14 12:20:05[0m - [32mMUTANT COUNT
[0m
[32m2022-06-14 12:20:05[0m - changing the threshold values to 1
[32m2022-06-14 12:20:05[0m - threshold values have been changed
[32m2022-06-14 12:20:05[0m - printing the threshold values
[32m2022-06-14 12:20:11[0m - [32m***************************************[0m
[32m2022-06-14 12:20:11[0m - [32m***************************************[0m
[32m2022-06-14 12:20:11[0m - [32mTHRESHOLD
[0m
[32m2022-06-14 12:20:11[0m - [33mchanging the threshold values to 1[0m
[32m2022-06-14 12:20:11[0m - threshold values have been changed
[32m2022-06-14 12:20:11[0m - printing the threshold values
[32m2022-06-14 12:20:11[0m - [32m***************************************[0m
[32m2022-06-14 12:20:11[0m - [32m***************************************[0m
[32m2022-06-14 12:20:11[0m - [32mDEPENDENCIES
[0m
[32m2022-06-14 12:20:11[0m - [33madding dependencies[0m
[32m2022-06-14 12:20:11[0m - [32m***************************************[0m
[32m2022-06-14 12:20:11[0m - [32m***************************************[0m
[32m2022-06-14 12:20:11[0m - [32mDETECTION
[0m
[32m2022-06-14 12:20:11[0m - [32mrunning test flakiness detection software[0m
[32m2022-06-14 12:20:11[0m - [32m***************************************[0m
[32m2022-06-14 12:20:11[0m - [33mdone[0m
[32m2022-06-14 12:51:09[0m - [33mstarting the experiments with threshold value: 1[0m
[32m2022-06-14 12:51:09[0m - [32m***************************************[0m
[32m2022-06-14 12:51:09[0m - [32mMUTANT COUNT
[0m
[32m2022-06-14 12:51:09[0m - changing the threshold values to 1
[32m2022-06-14 12:51:10[0m - threshold values have been changed
[32m2022-06-14 12:51:10[0m - printing the threshold values
[32m2022-06-14 12:51:16[0m - [32m***************************************[0m
[32m2022-06-14 12:51:16[0m - [32m***************************************[0m
[32m2022-06-14 12:51:16[0m - [32mTHRESHOLD
[0m
[32m2022-06-14 12:51:16[0m - [33mchanging the threshold values to 1[0m
[32m2022-06-14 12:51:16[0m - threshold values have been changed
[32m2022-06-14 12:51:16[0m - printing the threshold values
[32m2022-06-14 12:51:16[0m - [32m***************************************[0m
[32m2022-06-14 12:51:16[0m - [32m***************************************[0m
[32m2022-06-14 12:51:16[0m - [32mDEPENDENCIES
[0m
[32m2022-06-14 12:51:16[0m - [33madding dependencies[0m
[32m2022-06-14 12:51:16[0m - [32m***************************************[0m
[32m2022-06-14 12:51:16[0m - [32m***************************************[0m
[32m2022-06-14 12:51:16[0m - [32mDETECTION
[0m
[32m2022-06-14 12:51:16[0m - [32mrunning test flakiness detection software[0m
[32m2022-06-14 12:51:16[0m - [32m***************************************[0m
[32m2022-06-14 12:51:16[0m - [33mdone[0m
[32m2022-06-14 12:51:30[0m - [33mstarting the experiments with threshold value: 1[0m
[32m2022-06-14 12:51:30[0m - [32m***************************************[0m
[32m2022-06-14 12:51:30[0m - [32mMUTANT COUNT
[0m
[32m2022-06-14 12:51:30[0m - changing the threshold values to 1
[32m2022-06-14 12:51:30[0m - threshold values have been changed
[32m2022-06-14 12:51:30[0m - printing the threshold values
[32m2022-06-14 12:51:36[0m - [32m***************************************[0m
[32m2022-06-14 12:51:36[0m - [32m***************************************[0m
[32m2022-06-14 12:51:36[0m - [32mTHRESHOLD
[0m
[32m2022-06-14 12:51:36[0m - [33mchanging the threshold values to 1[0m
[32m2022-06-14 12:51:36[0m - threshold values have been changed
[32m2022-06-14 12:51:36[0m - printing the threshold values
[32m2022-06-14 12:51:36[0m - [32m***************************************[0m
[32m2022-06-14 12:51:36[0m - [32m***************************************[0m
[32m2022-06-14 12:51:36[0m - [32mDEPENDENCIES
[0m
[32m2022-06-14 12:51:36[0m - [33madding dependencies[0m
[32m2022-06-14 12:51:36[0m - [32m***************************************[0m
[32m2022-06-14 12:51:36[0m - [32m***************************************[0m
[32m2022-06-14 12:51:36[0m - [32mDETECTION
[0m
[32m2022-06-14 12:51:36[0m - [32mrunning test flakiness detection software[0m
[32m2022-06-14 12:51:36[0m - [32m***************************************[0m
[32m2022-06-14 12:51:36[0m - [33mdone[0m
[32m2022-06-14 12:55:10[0m - [33mstarting the experiments with threshold value: 1[0m
[32m2022-06-14 12:55:10[0m - [32m***************************************[0m
[32m2022-06-14 12:55:10[0m - [32mMUTANT COUNT
[0m
[32m2022-06-14 12:55:10[0m - changing the threshold values to 1
[32m2022-06-14 12:55:10[0m - threshold values have been changed
[32m2022-06-14 12:55:10[0m - printing the threshold values
[32m2022-06-14 12:55:17[0m - [32m***************************************[0m
[32m2022-06-14 12:55:17[0m - [32m***************************************[0m
[32m2022-06-14 12:55:17[0m - [32mTHRESHOLD
[0m
[32m2022-06-14 12:55:17[0m - [33mchanging the threshold values to 1[0m
[32m2022-06-14 12:55:17[0m - threshold values have been changed
[32m2022-06-14 12:55:17[0m - printing the threshold values
[32m2022-06-14 12:55:17[0m - [32m***************************************[0m
[32m2022-06-14 12:55:17[0m - [32m***************************************[0m
[32m2022-06-14 12:55:17[0m - [32mDEPENDENCIES
[0m
[32m2022-06-14 12:55:17[0m - [33madding dependencies[0m
[32m2022-06-14 12:55:17[0m - [32m***************************************[0m
[32m2022-06-14 12:55:17[0m - [32m***************************************[0m
[32m2022-06-14 12:55:17[0m - [32mDETECTION
[0m
[32m2022-06-14 12:55:17[0m - [32mrunning test flakiness detection software[0m
[32m2022-06-14 12:55:17[0m - [32m***************************************[0m
[32m2022-06-14 12:55:17[0m - [33mdone[0m
[32m2022-06-14 13:02:20[0m - [33mstarting the experiments with threshold value: 1[0m
[32m2022-06-14 13:02:20[0m - [32m***************************************[0m
[32m2022-06-14 13:02:20[0m - [32mMUTANT COUNT
[0m
[32m2022-06-14 13:02:20[0m - changing the threshold values to 1
[32m2022-06-14 13:02:20[0m - threshold values have been changed
[32m2022-06-14 13:02:20[0m - printing the threshold values
[32m2022-06-14 13:02:26[0m - [32m***************************************[0m
[32m2022-06-14 13:02:26[0m - [32m***************************************[0m
[32m2022-06-14 13:02:26[0m - [32mTHRESHOLD
[0m
[32m2022-06-14 13:02:26[0m - [33mchanging the threshold values to 1[0m
[32m2022-06-14 13:02:26[0m - threshold values have been changed
[32m2022-06-14 13:02:26[0m - printing the threshold values
[32m2022-06-14 13:02:26[0m - [32m***************************************[0m
[32m2022-06-14 13:02:26[0m - [32m***************************************[0m
[32m2022-06-14 13:02:26[0m - [32mDEPENDENCIES
[0m
[32m2022-06-14 13:02:26[0m - [33madding dependencies[0m
[32m2022-06-14 13:02:26[0m - [32m***************************************[0m
[32m2022-06-14 13:02:26[0m - [32m***************************************[0m
[32m2022-06-14 13:02:26[0m - [32mDETECTION
[0m
[32m2022-06-14 13:02:26[0m - [32mrunning test flakiness detection software[0m
[32m2022-06-14 13:02:26[0m - [32m***************************************[0m
[32m2022-06-14 13:02:26[0m - [33mdone[0m
[32m2022-06-14 13:05:16[0m - [33mstarting the experiments with threshold value: 1[0m
[32m2022-06-14 13:05:16[0m - [32m***************************************[0m
[32m2022-06-14 13:05:16[0m - [32mMUTANT COUNT
[0m
[32m2022-06-14 13:05:16[0m - changing the threshold values to 1
[32m2022-06-14 13:05:16[0m - threshold values have been changed
[32m2022-06-14 13:05:16[0m - printing the threshold values
[32m2022-06-14 13:05:23[0m - [32m***************************************[0m
[32m2022-06-14 13:05:23[0m - [32m***************************************[0m
[32m2022-06-14 13:05:23[0m - [32mTHRESHOLD
[0m
[32m2022-06-14 13:05:23[0m - [33mchanging the threshold values to 1[0m
[32m2022-06-14 13:05:23[0m - threshold values have been changed
[32m2022-06-14 13:05:23[0m - printing the threshold values
[32m2022-06-14 13:05:23[0m - [32m***************************************[0m
[32m2022-06-14 13:05:23[0m - [32m***************************************[0m
[32m2022-06-14 13:05:23[0m - [32mDEPENDENCIES
[0m
[32m2022-06-14 13:05:23[0m - [33madding dependencies[0m
[32m2022-06-14 13:05:23[0m - [32m***************************************[0m
[32m2022-06-14 13:05:23[0m - [32m***************************************[0m
[32m2022-06-14 13:05:23[0m - [32mDETECTION
[0m
[32m2022-06-14 13:05:23[0m - [32mrunning test flakiness detection software[0m
[32m2022-06-14 13:05:23[0m - [32m***************************************[0m
[32m2022-06-14 13:05:23[0m - [33mdone[0m
[32m2022-06-14 13:05:56[0m - [33mstarting the experiments with threshold value: 1[0m
[32m2022-06-14 13:05:56[0m - [32m***************************************[0m
[32m2022-06-14 13:05:56[0m - [32mMUTANT COUNT
[0m
[32m2022-06-14 13:05:56[0m - changing the threshold values to 1
[32m2022-06-14 13:05:56[0m - threshold values have been changed
[32m2022-06-14 13:05:56[0m - printing the threshold values
[32m2022-06-14 13:06:03[0m - [32m***************************************[0m
[32m2022-06-14 13:06:03[0m - [32m***************************************[0m
[32m2022-06-14 13:06:03[0m - [32mTHRESHOLD
[0m
[32m2022-06-14 13:06:03[0m - [33mchanging the threshold values to 1[0m
[32m2022-06-14 13:06:03[0m - threshold values have been changed
[32m2022-06-14 13:06:03[0m - printing the threshold values
[32m2022-06-14 13:06:03[0m - [32m***************************************[0m
[32m2022-06-14 13:06:03[0m - [32m***************************************[0m
[32m2022-06-14 13:06:03[0m - [32mDEPENDENCIES
[0m
[32m2022-06-14 13:06:03[0m - [33madding dependencies[0m
[32m2022-06-14 13:06:03[0m - [32m***************************************[0m
[32m2022-06-14 13:06:03[0m - [32m***************************************[0m
[32m2022-06-14 13:06:03[0m - [32mDETECTION
[0m
[32m2022-06-14 13:06:03[0m - [32mrunning test flakiness detection software[0m
[32m2022-06-14 13:06:03[0m - [32m***************************************[0m
[32m2022-06-14 13:06:03[0m - [33mdone[0m
[32m2022-06-14 13:12:16[0m - [33mstarting the experiments with threshold value: 1[0m
[32m2022-06-14 13:12:16[0m - [32m***************************************[0m
[32m2022-06-14 13:12:16[0m - [32mMUTANT COUNT
[0m
[32m2022-06-14 13:12:16[0m - changing the threshold values to 1
[32m2022-06-14 13:12:16[0m - threshold values have been changed
[32m2022-06-14 13:12:16[0m - printing the threshold values
[32m2022-06-14 13:12:23[0m - [32m***************************************[0m
[32m2022-06-14 13:12:23[0m - [32m***************************************[0m
[32m2022-06-14 13:12:23[0m - [32mTHRESHOLD
[0m
[32m2022-06-14 13:12:23[0m - [33mchanging the threshold values to 1[0m
[32m2022-06-14 13:12:23[0m - threshold values have been changed
[32m2022-06-14 13:12:23[0m - printing the threshold values
[32m2022-06-14 13:12:23[0m - [32m***************************************[0m
[32m2022-06-14 13:12:23[0m - [32m***************************************[0m
[32m2022-06-14 13:12:23[0m - [32mDEPENDENCIES
[0m
[32m2022-06-14 13:12:23[0m - [33madding dependencies[0m
[32m2022-06-14 13:12:23[0m - [32m***************************************[0m
[32m2022-06-14 13:12:23[0m - [32m***************************************[0m
[32m2022-06-14 13:12:23[0m - [32mDETECTION
[0m
[32m2022-06-14 13:12:23[0m - [32mrunning test flakiness detection software[0m
[32m2022-06-14 13:12:23[0m - [32m***************************************[0m
[32m2022-06-14 13:12:23[0m - [33mdone[0m
[32m2022-06-14 13:15:32[0m - [33mstarting the experiments with threshold value: 1[0m
[32m2022-06-14 13:15:32[0m - [32m***************************************[0m
[32m2022-06-14 13:15:32[0m - [32mMUTANT COUNT
[0m
[32m2022-06-14 13:15:32[0m - changing the threshold values to 1
[32m2022-06-14 13:15:32[0m - threshold values have been changed
[32m2022-06-14 13:15:32[0m - printing the threshold values
[32m2022-06-14 13:15:38[0m - [32m***************************************[0m
[32m2022-06-14 13:15:38[0m - [32m***************************************[0m
[32m2022-06-14 13:15:38[0m - [32mTHRESHOLD
[0m
[32m2022-06-14 13:15:38[0m - [33mchanging the threshold values to 1[0m
[32m2022-06-14 13:15:38[0m - threshold values have been changed
[32m2022-06-14 13:15:38[0m - printing the threshold values
[32m2022-06-14 13:15:38[0m - [32m***************************************[0m
[32m2022-06-14 13:15:38[0m - [32m***************************************[0m
[32m2022-06-14 13:15:38[0m - [32mDEPENDENCIES
[0m
[32m2022-06-14 13:15:38[0m - [33madding dependencies[0m
[32m2022-06-14 13:15:38[0m - [32m***************************************[0m
[32m2022-06-14 13:15:38[0m - [32m***************************************[0m
[32m2022-06-14 13:15:38[0m - [32mDETECTION
[0m
[32m2022-06-14 13:15:38[0m - [32mrunning test flakiness detection software[0m
[32m2022-06-14 13:15:38[0m - [32m***************************************[0m
[32m2022-06-14 13:15:38[0m - [33mdone[0m
[32m2022-06-14 13:18:28[0m - [33mstarting the experiments with threshold value: 1[0m
[32m2022-06-14 13:18:28[0m - [32m***************************************[0m
[32m2022-06-14 13:18:28[0m - [32mMUTANT COUNT
[0m
[32m2022-06-14 13:18:28[0m - changing the threshold values to 1
[32m2022-06-14 13:18:28[0m - threshold values have been changed
[32m2022-06-14 13:18:28[0m - printing the threshold values
[32m2022-06-14 13:18:34[0m - [32m***************************************[0m
[32m2022-06-14 13:18:34[0m - [32m***************************************[0m
[32m2022-06-14 13:18:34[0m - [32mTHRESHOLD
[0m
[32m2022-06-14 13:18:34[0m - [33mchanging the threshold values to 1[0m
[32m2022-06-14 13:18:34[0m - threshold values have been changed
[32m2022-06-14 13:18:34[0m - printing the threshold values
[32m2022-06-14 13:18:34[0m - [32m***************************************[0m
[32m2022-06-14 13:18:34[0m - [32m***************************************[0m
[32m2022-06-14 13:18:34[0m - [32mDEPENDENCIES
[0m
[32m2022-06-14 13:18:34[0m - [33madding dependencies[0m
[32m2022-06-14 13:18:34[0m - [32m***************************************[0m
[32m2022-06-14 13:18:34[0m - [32m***************************************[0m
[32m2022-06-14 13:18:34[0m - [32mDETECTION
[0m
[32m2022-06-14 13:18:34[0m - [32mrunning test flakiness detection software[0m
[32m2022-06-14 13:18:34[0m - [32m***************************************[0m
[32m2022-06-14 13:18:34[0m - [33mdone[0m
[32m2022-06-14 13:18:57[0m - [33mstarting the experiments with threshold value: 1[0m
[32m2022-06-14 13:18:57[0m - [32m***************************************[0m
[32m2022-06-14 13:18:57[0m - [32mMUTANT COUNT
[0m
[32m2022-06-14 13:18:57[0m - changing the threshold values to 1
[32m2022-06-14 13:18:57[0m - threshold values have been changed
[32m2022-06-14 13:18:57[0m - printing the threshold values
[32m2022-06-14 13:19:03[0m - [32m***************************************[0m
[32m2022-06-14 13:19:03[0m - [32m***************************************[0m
[32m2022-06-14 13:19:03[0m - [32mTHRESHOLD
[0m
[32m2022-06-14 13:19:03[0m - [33mchanging the threshold values to 1[0m
[32m2022-06-14 13:19:03[0m - threshold values have been changed
[32m2022-06-14 13:19:03[0m - printing the threshold values
[32m2022-06-14 13:19:03[0m - [32m***************************************[0m
[32m2022-06-14 13:19:03[0m - [32m***************************************[0m
[32m2022-06-14 13:19:03[0m - [32mDEPENDENCIES
[0m
[32m2022-06-14 13:19:03[0m - [33madding dependencies[0m
[32m2022-06-14 13:19:03[0m - [32m***************************************[0m
[32m2022-06-14 13:19:03[0m - [32m***************************************[0m
[32m2022-06-14 13:19:03[0m - [32mDETECTION
[0m
[32m2022-06-14 13:19:03[0m - [32mrunning test flakiness detection software[0m
[32m2022-06-14 13:19:03[0m - [32m***************************************[0m
[32m2022-06-14 13:19:03[0m - [33mdone[0m
[32m2022-06-14 13:51:46[0m - [33mstarting the experiments with threshold value: 1[0m
[32m2022-06-14 13:51:46[0m - [32m***************************************[0m
[32m2022-06-14 13:51:46[0m - [32mMUTANT COUNT
[0m
[32m2022-06-14 13:51:46[0m - changing the threshold values to 1
[32m2022-06-14 13:51:46[0m - threshold values have been changed
[32m2022-06-14 13:51:46[0m - printing the threshold values
[32m2022-06-14 13:51:52[0m - [32m***************************************[0m
[32m2022-06-14 13:51:52[0m - [32m***************************************[0m
[32m2022-06-14 13:51:52[0m - [32mTHRESHOLD
[0m
[32m2022-06-14 13:51:52[0m - [33mchanging the threshold values to 1[0m
[32m2022-06-14 13:51:52[0m - threshold values have been changed
[32m2022-06-14 13:51:52[0m - printing the threshold values
[32m2022-06-14 13:51:52[0m - [32m***************************************[0m
[32m2022-06-14 13:51:52[0m - [32m***************************************[0m
[32m2022-06-14 13:51:52[0m - [32mDEPENDENCIES
[0m
[32m2022-06-14 13:51:52[0m - [33madding dependencies[0m
[32m2022-06-14 13:51:52[0m - [32m***************************************[0m
[32m2022-06-14 13:51:52[0m - [32m***************************************[0m
[32m2022-06-14 13:51:52[0m - [32mDETECTION
[0m
[32m2022-06-14 13:51:52[0m - [32mrunning test flakiness detection software[0m
[32m2022-06-14 13:51:52[0m - [32m***************************************[0m
[32m2022-06-14 13:51:52[0m - [33mdone[0m
[32m2022-06-14 13:55:22[0m - [33mstarting the experiments with threshold value: 1[0m
[32m2022-06-14 13:55:22[0m - [32m***************************************[0m
[32m2022-06-14 13:55:22[0m - [32mMUTANT COUNT
[0m
[32m2022-06-14 13:55:22[0m - changing the threshold values to 1
[32m2022-06-14 13:55:22[0m - threshold values have been changed
[32m2022-06-14 13:55:22[0m - printing the threshold values
[32m2022-06-14 13:55:28[0m - [32m***************************************[0m
[32m2022-06-14 13:55:28[0m - [32m***************************************[0m
[32m2022-06-14 13:55:28[0m - [32mTHRESHOLD
[0m
[32m2022-06-14 13:55:28[0m - [33mchanging the threshold values to 1[0m
[32m2022-06-14 13:55:28[0m - threshold values have been changed
[32m2022-06-14 13:55:28[0m - printing the threshold values
[32m2022-06-14 13:55:28[0m - [32m***************************************[0m
[32m2022-06-14 13:55:28[0m - [32m***************************************[0m
[32m2022-06-14 13:55:28[0m - [32mDEPENDENCIES
[0m
[32m2022-06-14 13:55:28[0m - [33madding dependencies[0m
[32m2022-06-14 13:55:28[0m - [32m***************************************[0m
[32m2022-06-14 13:55:28[0m - [32m***************************************[0m
[32m2022-06-14 13:55:28[0m - [32mDETECTION
[0m
[32m2022-06-14 13:55:28[0m - [32mrunning test flakiness detection software[0m
[32m2022-06-14 13:55:28[0m - [32m***************************************[0m
[32m2022-06-14 13:55:28[0m - [33mdone[0m
[32m2022-06-14 14:42:08[0m - [33mstarting the experiments with threshold value: 1[0m
[32m2022-06-14 14:42:08[0m - [32m***************************************[0m
[32m2022-06-14 14:42:08[0m - [32mMUTANT COUNT
[0m
[32m2022-06-14 14:42:08[0m - changing the threshold values to 1
[32m2022-06-14 14:42:08[0m - threshold values have been changed
[32m2022-06-14 14:42:08[0m - printing the threshold values
[32m2022-06-14 14:42:14[0m - [32m***************************************[0m
[32m2022-06-14 14:42:14[0m - [32m***************************************[0m
[32m2022-06-14 14:42:14[0m - [32mTHRESHOLD
[0m
[32m2022-06-14 14:42:14[0m - [33mchanging the threshold values to 1[0m
[32m2022-06-14 14:42:14[0m - threshold values have been changed
[32m2022-06-14 14:42:14[0m - printing the threshold values
[32m2022-06-14 14:42:14[0m - [32m***************************************[0m
[32m2022-06-14 14:42:14[0m - [32m***************************************[0m
[32m2022-06-14 14:42:14[0m - [32mDEPENDENCIES
[0m
[32m2022-06-14 14:42:14[0m - [33madding dependencies[0m
[32m2022-06-14 14:42:14[0m - [32m***************************************[0m
[32m2022-06-14 14:42:14[0m - [32m***************************************[0m
[32m2022-06-14 14:42:14[0m - [32mDETECTION
[0m
[32m2022-06-14 14:42:14[0m - [32mrunning test flakiness detection software[0m
[32m2022-06-14 14:42:14[0m - [32m***************************************[0m
[32m2022-06-14 14:42:14[0m - [33mdone[0m
[32m2022-06-14 16:38:55[0m - [33mstarting the experiments with threshold value: 1[0m
[32m2022-06-14 16:38:55[0m - [32m***************************************[0m
[32m2022-06-14 16:38:55[0m - [32mMUTANT COUNT
[0m
[32m2022-06-14 16:38:55[0m - changing the threshold values to 1
[32m2022-06-14 16:38:55[0m - threshold values have been changed
[32m2022-06-14 16:38:55[0m - printing the threshold values
[32m2022-06-14 16:39:02[0m - [32m***************************************[0m
[32m2022-06-14 16:39:02[0m - [32m***************************************[0m
[32m2022-06-14 16:39:02[0m - [32mTHRESHOLD
[0m
[32m2022-06-14 16:39:02[0m - [33mchanging the threshold values to 1[0m
[32m2022-06-14 16:39:02[0m - threshold values have been changed
[32m2022-06-14 16:39:02[0m - printing the threshold values
[32m2022-06-14 16:39:02[0m - [32m***************************************[0m
[32m2022-06-14 16:39:02[0m - [32m***************************************[0m
[32m2022-06-14 16:39:02[0m - [32mDEPENDENCIES
[0m
[32m2022-06-14 16:39:02[0m - [33madding dependencies[0m
[32m2022-06-14 16:39:02[0m - [32m***************************************[0m
[32m2022-06-14 16:39:02[0m - [32m***************************************[0m
[32m2022-06-14 16:39:02[0m - [32mDETECTION
[0m
[32m2022-06-14 16:39:02[0m - [32mrunning test flakiness detection software[0m
[32m2022-06-14 16:39:02[0m - [32m***************************************[0m
[32m2022-06-14 16:39:02[0m - [33mdone[0m
[32m2022-06-14 16:41:40[0m - [33mstarting the experiments with threshold value: 1[0m
[32m2022-06-14 16:41:40[0m - [32m***************************************[0m
[32m2022-06-14 16:41:40[0m - [32mMUTANT COUNT
[0m
[32m2022-06-14 16:41:40[0m - changing the threshold values to 1
[32m2022-06-14 16:41:40[0m - threshold values have been changed
[32m2022-06-14 16:41:40[0m - printing the threshold values
[32m2022-06-14 16:41:48[0m - [32m***************************************[0m
[32m2022-06-14 16:41:48[0m - [32m***************************************[0m
[32m2022-06-14 16:41:48[0m - [32mTHRESHOLD
[0m
[32m2022-06-14 16:41:48[0m - [33mchanging the threshold values to 1[0m
[32m2022-06-14 16:41:48[0m - threshold values have been changed
[32m2022-06-14 16:41:48[0m - printing the threshold values
[32m2022-06-14 16:41:48[0m - [32m***************************************[0m
[32m2022-06-14 16:41:48[0m - [32m***************************************[0m
[32m2022-06-14 16:41:48[0m - [32mDEPENDENCIES
[0m
[32m2022-06-14 16:41:48[0m - [33madding dependencies[0m
[32m2022-06-14 16:41:48[0m - [32m***************************************[0m
[32m2022-06-14 16:41:48[0m - [32m***************************************[0m
[32m2022-06-14 16:41:48[0m - [32mDETECTION
[0m
[32m2022-06-14 16:41:48[0m - [32mrunning test flakiness detection software[0m
[32m2022-06-14 16:41:48[0m - [32m***************************************[0m
[32m2022-06-14 16:41:48[0m - [33mdone[0m
[32m2022-06-14 16:45:01[0m - [33mstarting the experiments with threshold value: 1[0m
[32m2022-06-14 16:45:01[0m - [32m***************************************[0m
[32m2022-06-14 16:45:01[0m - [32mMUTANT COUNT
[0m
[32m2022-06-14 16:45:01[0m - changing the threshold values to 1
[32m2022-06-14 16:45:01[0m - threshold values have been changed
[32m2022-06-14 16:45:01[0m - printing the threshold values
[32m2022-06-14 16:45:07[0m - [32m***************************************[0m
[32m2022-06-14 16:45:07[0m - [32m***************************************[0m
[32m2022-06-14 16:45:07[0m - [32mTHRESHOLD
[0m
[32m2022-06-14 16:45:07[0m - [33mchanging the threshold values to 1[0m
[32m2022-06-14 16:45:07[0m - threshold values have been changed
[32m2022-06-14 16:45:07[0m - printing the threshold values
[32m2022-06-14 16:45:07[0m - [32m***************************************[0m
[32m2022-06-14 16:45:07[0m - [32m***************************************[0m
[32m2022-06-14 16:45:07[0m - [32mDEPENDENCIES
[0m
[32m2022-06-14 16:45:07[0m - [33madding dependencies[0m
[32m2022-06-14 16:45:07[0m - [32m***************************************[0m
[32m2022-06-14 16:45:07[0m - [32m***************************************[0m
[32m2022-06-14 16:45:07[0m - [32mDETECTION
[0m
[32m2022-06-14 16:45:07[0m - [32mrunning test flakiness detection software[0m
[32m2022-06-14 16:45:07[0m - [32m***************************************[0m
[32m2022-06-14 16:45:07[0m - [33mdone[0m
[32m2022-06-14 16:46:07[0m - [33mstarting the experiments with threshold value: 1[0m
[32m2022-06-14 16:46:07[0m - [32m***************************************[0m
[32m2022-06-14 16:46:07[0m - [32mMUTANT COUNT
[0m
[32m2022-06-14 16:46:07[0m - changing the threshold values to 1
[32m2022-06-14 16:46:07[0m - threshold values have been changed
[32m2022-06-14 16:46:07[0m - printing the threshold values
[32m2022-06-14 16:46:15[0m - [32m***************************************[0m
[32m2022-06-14 16:46:15[0m - [32m***************************************[0m
[32m2022-06-14 16:46:15[0m - [32mTHRESHOLD
[0m
[32m2022-06-14 16:46:15[0m - [33mchanging the threshold values to 1[0m
[32m2022-06-14 16:46:15[0m - threshold values have been changed
[32m2022-06-14 16:46:15[0m - printing the threshold values
[32m2022-06-14 16:46:15[0m - [32m***************************************[0m
[32m2022-06-14 16:46:15[0m - [32m***************************************[0m
[32m2022-06-14 16:46:15[0m - [32mDEPENDENCIES
[0m
[32m2022-06-14 16:46:15[0m - [33madding dependencies[0m
[32m2022-06-14 16:46:15[0m - [32m***************************************[0m
[32m2022-06-14 16:46:15[0m - [32m***************************************[0m
[32m2022-06-14 16:46:15[0m - [32mDETECTION
[0m
[32m2022-06-14 16:46:15[0m - [32mrunning test flakiness detection software[0m
[32m2022-06-14 16:46:15[0m - [32m***************************************[0m
[32m2022-06-14 16:46:15[0m - [33mdone[0m
[32m2022-06-14 17:14:06[0m - [33mstarting the experiments with threshold value: 1[0m
[32m2022-06-14 17:14:06[0m - [32m***************************************[0m
[32m2022-06-14 17:14:06[0m - [32mMUTANT COUNT
[0m
[32m2022-06-14 17:14:06[0m - changing the threshold values to 1
[32m2022-06-14 17:14:06[0m - threshold values have been changed
[32m2022-06-14 17:14:06[0m - printing the threshold values
[32m2022-06-14 17:14:14[0m - [32m***************************************[0m
[32m2022-06-14 17:14:14[0m - [32m***************************************[0m
[32m2022-06-14 17:14:14[0m - [32mTHRESHOLD
[0m
[32m2022-06-14 17:14:14[0m - [33mchanging the threshold values to 1[0m
[32m2022-06-14 17:14:14[0m - threshold values have been changed
[32m2022-06-14 17:14:14[0m - printing the threshold values
[32m2022-06-14 17:14:14[0m - [32m***************************************[0m
[32m2022-06-14 17:14:14[0m - [32m***************************************[0m
[32m2022-06-14 17:14:14[0m - [32mDEPENDENCIES
[0m
[32m2022-06-14 17:14:14[0m - [33madding dependencies[0m
[32m2022-06-14 17:14:14[0m - [32m***************************************[0m
[32m2022-06-14 17:14:14[0m - [32m***************************************[0m
[32m2022-06-14 17:14:14[0m - [32mDETECTION
[0m
[32m2022-06-14 17:14:14[0m - [32mrunning test flakiness detection software[0m
[32m2022-06-14 17:14:14[0m - [32m***************************************[0m
[32m2022-06-14 17:14:14[0m - [33mdone[0m
[32m2022-06-14 18:29:42[0m - [33mstarting the experiments with threshold value: 1[0m
[32m2022-06-14 18:29:42[0m - [32m***************************************[0m
[32m2022-06-14 18:29:42[0m - [32mMUTANT COUNT
[0m
[32m2022-06-14 18:29:42[0m - changing the threshold values to 1
[32m2022-06-14 18:29:42[0m - threshold values have been changed
[32m2022-06-14 18:29:42[0m - printing the threshold values
[32m2022-06-14 18:29:51[0m - [32m***************************************[0m
[32m2022-06-14 18:29:51[0m - [32m***************************************[0m
[32m2022-06-14 18:29:51[0m - [32mTHRESHOLD
[0m
[32m2022-06-14 18:29:51[0m - [33mchanging the threshold values to 1[0m
[32m2022-06-14 18:29:51[0m - threshold values have been changed
[32m2022-06-14 18:29:51[0m - printing the threshold values
[32m2022-06-14 18:29:51[0m - [32m***************************************[0m
[32m2022-06-14 18:29:51[0m - [32m***************************************[0m
[32m2022-06-14 18:29:51[0m - [32mDEPENDENCIES
[0m
[32m2022-06-14 18:29:51[0m - [33madding dependencies[0m
[32m2022-06-14 18:29:51[0m - [32m***************************************[0m
[32m2022-06-14 18:29:51[0m - [32m***************************************[0m
[32m2022-06-14 18:29:51[0m - [32mDETECTION
[0m
[32m2022-06-14 18:29:51[0m - [32mrunning test flakiness detection software[0m
[32m2022-06-14 18:29:51[0m - [32m***************************************[0m
[32m2022-06-14 18:29:51[0m - [33mdone[0m
[32m2022-06-14 18:31:15[0m - [33mstarting the experiments with threshold value: 1[0m
[32m2022-06-14 18:31:15[0m - [32m***************************************[0m
[32m2022-06-14 18:31:15[0m - [32mMUTANT COUNT
[0m
[32m2022-06-14 18:31:15[0m - changing the threshold values to 1
[32m2022-06-14 18:31:15[0m - threshold values have been changed
[32m2022-06-14 18:31:15[0m - printing the threshold values
[32m2022-06-14 18:31:22[0m - [32m***************************************[0m
[32m2022-06-14 18:31:22[0m - [32m***************************************[0m
[32m2022-06-14 18:31:22[0m - [32mTHRESHOLD
[0m
[32m2022-06-14 18:31:22[0m - [33mchanging the threshold values to 1[0m
[32m2022-06-14 18:31:22[0m - threshold values have been changed
[32m2022-06-14 18:31:22[0m - printing the threshold values
[32m2022-06-14 18:31:22[0m - [32m***************************************[0m
[32m2022-06-14 18:31:22[0m - [32m***************************************[0m
[32m2022-06-14 18:31:22[0m - [32mDEPENDENCIES
[0m
[32m2022-06-14 18:31:22[0m - [33madding dependencies[0m
[32m2022-06-14 18:31:22[0m - [32m***************************************[0m
[32m2022-06-14 18:31:22[0m - [32m***************************************[0m
[32m2022-06-14 18:31:22[0m - [32mDETECTION
[0m
[32m2022-06-14 18:31:22[0m - [32mrunning test flakiness detection software[0m
[32m2022-06-14 18:31:22[0m - [32m***************************************[0m
[32m2022-06-14 18:31:22[0m - [33mdone[0m
[32m2022-06-14 18:42:15[0m - [33mstarting the experiments with threshold value: 1[0m
[32m2022-06-14 18:42:15[0m - [32m***************************************[0m
[32m2022-06-14 18:42:15[0m - [32mMUTANT COUNT
[0m
[32m2022-06-14 18:42:15[0m - changing the threshold values to 1
[32m2022-06-14 18:42:15[0m - threshold values have been changed
[32m2022-06-14 18:42:15[0m - printing the threshold values
[32m2022-06-14 18:42:23[0m - [32m***************************************[0m
[32m2022-06-14 18:42:23[0m - [32m***************************************[0m
[32m2022-06-14 18:42:23[0m - [32mTHRESHOLD
[0m
[32m2022-06-14 18:42:23[0m - [33mchanging the threshold values to 1[0m
[32m2022-06-14 18:42:23[0m - threshold values have been changed
[32m2022-06-14 18:42:23[0m - printing the threshold values
[32m2022-06-14 18:42:23[0m - [32m***************************************[0m
[32m2022-06-14 18:42:23[0m - [32m***************************************[0m
[32m2022-06-14 18:42:23[0m - [32mDEPENDENCIES
[0m
[32m2022-06-14 18:42:23[0m - [33madding dependencies[0m
[32m2022-06-14 18:42:23[0m - [32m***************************************[0m
[32m2022-06-14 18:42:23[0m - [32m***************************************[0m
[32m2022-06-14 18:42:23[0m - [32mDETECTION
[0m
[32m2022-06-14 18:42:23[0m - [32mrunning test flakiness detection software[0m
[32m2022-06-14 18:42:23[0m - [32m***************************************[0m
[32m2022-06-14 18:42:23[0m - [33mdone[0m
[32m2022-06-14 18:45:09[0m - [33mstarting the experiments with threshold value: 1[0m
[32m2022-06-14 18:45:09[0m - [32m***************************************[0m
[32m2022-06-14 18:45:09[0m - [32mMUTANT COUNT
[0m
[32m2022-06-14 18:45:09[0m - changing the threshold values to 1
[32m2022-06-14 18:45:09[0m - threshold values have been changed
[32m2022-06-14 18:45:09[0m - printing the threshold values
[32m2022-06-14 18:45:16[0m - [32m***************************************[0m
[32m2022-06-14 18:45:16[0m - [32m***************************************[0m
[32m2022-06-14 18:45:16[0m - [32mTHRESHOLD
[0m
[32m2022-06-14 18:45:16[0m - [33mchanging the threshold values to 1[0m
[32m2022-06-14 18:45:16[0m - threshold values have been changed
[32m2022-06-14 18:45:16[0m - printing the threshold values
[32m2022-06-14 18:45:16[0m - [32m***************************************[0m
[32m2022-06-14 18:45:16[0m - [32m***************************************[0m
[32m2022-06-14 18:45:16[0m - [32mDEPENDENCIES
[0m
[32m2022-06-14 18:45:16[0m - [33madding dependencies[0m
[32m2022-06-14 18:45:16[0m - [32m***************************************[0m
[32m2022-06-14 18:45:16[0m - [32m***************************************[0m
[32m2022-06-14 18:45:16[0m - [32mDETECTION
[0m
[32m2022-06-14 18:45:16[0m - [32mrunning test flakiness detection software[0m
[32m2022-06-14 18:45:16[0m - [32m***************************************[0m
[32m2022-06-14 18:45:16[0m - [33mdone[0m
[32m2022-06-14 18:46:23[0m - [33mstarting the experiments with threshold value: 1[0m
[32m2022-06-14 18:46:23[0m - [32m***************************************[0m
[32m2022-06-14 18:46:23[0m - [32mMUTANT COUNT
[0m
[32m2022-06-14 18:46:23[0m - changing the threshold values to 1
[32m2022-06-14 18:46:23[0m - threshold values have been changed
[32m2022-06-14 18:46:23[0m - printing the threshold values
[32m2022-06-14 18:46:29[0m - [32m***************************************[0m
[32m2022-06-14 18:46:29[0m - [32m***************************************[0m
[32m2022-06-14 18:46:29[0m - [32mTHRESHOLD
[0m
[32m2022-06-14 18:46:29[0m - [33mchanging the threshold values to 1[0m
[32m2022-06-14 18:46:29[0m - threshold values have been changed
[32m2022-06-14 18:46:29[0m - printing the threshold values
[32m2022-06-14 18:46:29[0m - [32m***************************************[0m
[32m2022-06-14 18:46:29[0m - [32m***************************************[0m
[32m2022-06-14 18:46:29[0m - [32mDEPENDENCIES
[0m
[32m2022-06-14 18:46:29[0m - [33madding dependencies[0m
[32m2022-06-14 18:46:29[0m - [32m***************************************[0m
[32m2022-06-14 18:46:29[0m - [32m***************************************[0m
[32m2022-06-14 18:46:29[0m - [32mDETECTION
[0m
[32m2022-06-14 18:46:29[0m - [32mrunning test flakiness detection software[0m
[32m2022-06-14 18:46:29[0m - [32m***************************************[0m
[32m2022-06-14 18:46:29[0m - [33mdone[0m
[32m2022-06-14 18:47:33[0m - [33mstarting the experiments with threshold value: 1[0m
[32m2022-06-14 18:47:33[0m - [32m***************************************[0m
[32m2022-06-14 18:47:33[0m - [32mMUTANT COUNT
[0m
[32m2022-06-14 18:47:33[0m - changing the threshold values to 1
[32m2022-06-14 18:47:33[0m - threshold values have been changed
[32m2022-06-14 18:47:33[0m - printing the threshold values
[32m2022-06-14 18:47:39[0m - [32m***************************************[0m
[32m2022-06-14 18:47:39[0m - [32m***************************************[0m
[32m2022-06-14 18:47:39[0m - [32mTHRESHOLD
[0m
[32m2022-06-14 18:47:39[0m - [33mchanging the threshold values to 1[0m
[32m2022-06-14 18:47:39[0m - threshold values have been changed
[32m2022-06-14 18:47:39[0m - printing the threshold values
[32m2022-06-14 18:47:39[0m - [32m***************************************[0m
[32m2022-06-14 18:47:39[0m - [32m***************************************[0m
[32m2022-06-14 18:47:39[0m - [32mDEPENDENCIES
[0m
[32m2022-06-14 18:47:39[0m - [33madding dependencies[0m
[32m2022-06-14 18:47:39[0m - [32m***************************************[0m
[32m2022-06-14 18:47:39[0m - [32m***************************************[0m
[32m2022-06-14 18:47:39[0m - [32mDETECTION
[0m
[32m2022-06-14 18:47:39[0m - [32mrunning test flakiness detection software[0m
[32m2022-06-14 18:47:39[0m - [32m***************************************[0m
[32m2022-06-14 18:47:39[0m - [33mdone[0m
[32m2022-06-14 18:54:36[0m - [33mstarting the experiments with threshold value: 1[0m
[32m2022-06-14 18:54:36[0m - [32m***************************************[0m
[32m2022-06-14 18:54:36[0m - [32mMUTANT COUNT
[0m
[32m2022-06-14 18:54:36[0m - changing the threshold values to 1
[32m2022-06-14 18:54:36[0m - threshold values have been changed
[32m2022-06-14 18:54:36[0m - printing the threshold values
[32m2022-06-14 18:54:43[0m - [32m***************************************[0m
[32m2022-06-14 18:54:43[0m - [32m***************************************[0m
[32m2022-06-14 18:54:43[0m - [32mTHRESHOLD
[0m
[32m2022-06-14 18:54:43[0m - [33mchanging the threshold values to 1[0m
[32m2022-06-14 18:54:43[0m - threshold values have been changed
[32m2022-06-14 18:54:43[0m - printing the threshold values
[32m2022-06-14 18:54:43[0m - [32m***************************************[0m
[32m2022-06-14 18:54:43[0m - [32m***************************************[0m
[32m2022-06-14 18:54:43[0m - [32mDEPENDENCIES
[0m
[32m2022-06-14 18:54:43[0m - [33madding dependencies[0m
[32m2022-06-14 18:54:43[0m - [32m***************************************[0m
[32m2022-06-14 18:54:43[0m - [32m***************************************[0m
[32m2022-06-14 18:54:43[0m - [32mDETECTION
[0m
[32m2022-06-14 18:54:43[0m - [32mrunning test flakiness detection software[0m
[32m2022-06-14 18:54:43[0m - [32m***************************************[0m
[32m2022-06-14 18:54:43[0m - [33mdone[0m
[32m2022-06-14 20:48:51[0m - [33mstarting the experiments with threshold value: 1[0m
[32m2022-06-14 20:48:51[0m - [32m***************************************[0m
[32m2022-06-14 20:48:51[0m - [32mMUTANT COUNT
[0m
[32m2022-06-14 20:48:51[0m - changing the threshold values to 1
[32m2022-06-14 20:48:51[0m - threshold values have been changed
[32m2022-06-14 20:48:51[0m - printing the threshold values
[32m2022-06-14 20:48:57[0m - [32m***************************************[0m
[32m2022-06-14 20:48:57[0m - [32m***************************************[0m
[32m2022-06-14 20:48:57[0m - [32mTHRESHOLD
[0m
[32m2022-06-14 20:48:57[0m - [33mchanging the threshold values to 1[0m
[32m2022-06-14 20:48:57[0m - threshold values have been changed
[32m2022-06-14 20:48:57[0m - printing the threshold values
[32m2022-06-14 20:48:57[0m - [32m***************************************[0m
[32m2022-06-14 20:48:57[0m - [32m***************************************[0m
[32m2022-06-14 20:48:57[0m - [32mDEPENDENCIES
[0m
[32m2022-06-14 20:48:57[0m - [33madding dependencies[0m
[32m2022-06-14 20:48:57[0m - [32m***************************************[0m
[32m2022-06-14 20:48:57[0m - [32m***************************************[0m
[32m2022-06-14 20:48:57[0m - [32mDETECTION
[0m
[32m2022-06-14 20:48:57[0m - [32mrunning test flakiness detection software[0m
[32m2022-06-14 20:48:57[0m - [32m***************************************[0m
[32m2022-06-14 20:48:57[0m - [33mdone[0m
[32m2022-06-14 21:12:22[0m - [33mstarting the experiments with threshold value: 1[0m
[32m2022-06-14 21:12:22[0m - [32m***************************************[0m
[32m2022-06-14 21:12:22[0m - [32mMUTANT COUNT
[0m
[32m2022-06-14 21:12:22[0m - changing the threshold values to 1
[32m2022-06-14 21:12:22[0m - threshold values have been changed
[32m2022-06-14 21:12:22[0m - printing the threshold values
[32m2022-06-14 21:12:28[0m - [32m***************************************[0m
[32m2022-06-14 21:12:28[0m - [32m***************************************[0m
[32m2022-06-14 21:12:28[0m - [32mTHRESHOLD
[0m
[32m2022-06-14 21:12:28[0m - [33mchanging the threshold values to 1[0m
[32m2022-06-14 21:12:28[0m - threshold values have been changed
[32m2022-06-14 21:12:28[0m - printing the threshold values
[32m2022-06-14 21:12:28[0m - [32m***************************************[0m
[32m2022-06-14 21:12:28[0m - [32m***************************************[0m
[32m2022-06-14 21:12:28[0m - [32mDEPENDENCIES
[0m
[32m2022-06-14 21:12:28[0m - [33madding dependencies[0m
[32m2022-06-14 21:12:28[0m - [32m***************************************[0m
[32m2022-06-14 21:12:28[0m - [32m***************************************[0m
[32m2022-06-14 21:12:28[0m - [32mDETECTION
[0m
[32m2022-06-14 21:12:28[0m - [32mrunning test flakiness detection software[0m
[32m2022-06-14 21:12:28[0m - [32m***************************************[0m
[32m2022-06-14 21:12:28[0m - [33mdone[0m
[32m2022-06-14 21:12:56[0m - [33mstarting the experiments with threshold value: 1[0m
[32m2022-06-14 21:12:56[0m - [32m***************************************[0m
[32m2022-06-14 21:12:56[0m - [32mMUTANT COUNT
[0m
[32m2022-06-14 21:12:56[0m - changing the threshold values to 1
[32m2022-06-14 21:12:56[0m - threshold values have been changed
[32m2022-06-14 21:12:56[0m - printing the threshold values
[32m2022-06-14 21:13:02[0m - [32m***************************************[0m
[32m2022-06-14 21:13:02[0m - [32m***************************************[0m
[32m2022-06-14 21:13:02[0m - [32mTHRESHOLD
[0m
[32m2022-06-14 21:13:02[0m - [33mchanging the threshold values to 1[0m
[32m2022-06-14 21:13:02[0m - threshold values have been changed
[32m2022-06-14 21:13:02[0m - printing the threshold values
[32m2022-06-14 21:13:02[0m - [32m***************************************[0m
[32m2022-06-14 21:13:02[0m - [32m***************************************[0m
[32m2022-06-14 21:13:02[0m - [32mDEPENDENCIES
[0m
[32m2022-06-14 21:13:02[0m - [33madding dependencies[0m
[32m2022-06-14 21:13:02[0m - [32m***************************************[0m
[32m2022-06-14 21:13:02[0m - [32m***************************************[0m
[32m2022-06-14 21:13:02[0m - [32mDETECTION
[0m
[32m2022-06-14 21:13:02[0m - [32mrunning test flakiness detection software[0m
[32m2022-06-14 21:13:02[0m - [32m***************************************[0m
[32m2022-06-14 21:13:02[0m - [33mdone[0m
[32m2022-06-14 21:22:01[0m - [33mstarting the experiments with threshold value: 1[0m
[32m2022-06-14 21:22:01[0m - [32m***************************************[0m
[32m2022-06-14 21:22:01[0m - [32mMUTANT COUNT
[0m
[32m2022-06-14 21:22:01[0m - changing the threshold values to 1
[32m2022-06-14 21:22:01[0m - threshold values have been changed
[32m2022-06-14 21:22:01[0m - printing the threshold values
[32m2022-06-14 21:22:07[0m - [32m***************************************[0m
[32m2022-06-14 21:22:07[0m - [32m***************************************[0m
[32m2022-06-14 21:22:07[0m - [32mTHRESHOLD
[0m
[32m2022-06-14 21:22:07[0m - [33mchanging the threshold values to 1[0m
[32m2022-06-14 21:22:07[0m - threshold values have been changed
[32m2022-06-14 21:22:07[0m - printing the threshold values
[32m2022-06-14 21:22:07[0m - [32m***************************************[0m
[32m2022-06-14 21:22:07[0m - [32m***************************************[0m
[32m2022-06-14 21:22:07[0m - [32mDEPENDENCIES
[0m
[32m2022-06-14 21:22:07[0m - [33madding dependencies[0m
[32m2022-06-14 21:22:07[0m - [32m***************************************[0m
[32m2022-06-14 21:22:07[0m - [32m***************************************[0m
[32m2022-06-14 21:22:07[0m - [32mDETECTION
[0m
[32m2022-06-14 21:22:07[0m - [32mrunning test flakiness detection software[0m
[32m2022-06-14 21:22:07[0m - [32m***************************************[0m
[32m2022-06-14 21:22:07[0m - [33mdone[0m
[32m2022-06-14 21:33:34[0m - [33mstarting the experiments with threshold value: 1[0m
[32m2022-06-14 21:33:34[0m - [32m***************************************[0m
[32m2022-06-14 21:33:34[0m - [32mMUTANT COUNT
[0m
[32m2022-06-14 21:33:34[0m - changing the threshold values to 1
[32m2022-06-14 21:33:34[0m - threshold values have been changed
[32m2022-06-14 21:33:34[0m - printing the threshold values
[32m2022-06-14 21:33:41[0m - [32m***************************************[0m
[32m2022-06-14 21:33:41[0m - [32m***************************************[0m
[32m2022-06-14 21:33:41[0m - [32mTHRESHOLD
[0m
[32m2022-06-14 21:33:41[0m - [33mchanging the threshold values to 1[0m
[32m2022-06-14 21:33:41[0m - threshold values have been changed
[32m2022-06-14 21:33:41[0m - printing the threshold values
[32m2022-06-14 21:33:41[0m - [32m***************************************[0m
[32m2022-06-14 21:33:41[0m - [32m***************************************[0m
[32m2022-06-14 21:33:41[0m - [32mDEPENDENCIES
[0m
[32m2022-06-14 21:33:41[0m - [33madding dependencies[0m
[32m2022-06-14 21:33:41[0m - [32m***************************************[0m
[32m2022-06-14 21:33:41[0m - [32m***************************************[0m
[32m2022-06-14 21:33:41[0m - [32mDETECTION
[0m
[32m2022-06-14 21:33:41[0m - [32mrunning test flakiness detection software[0m
[32m2022-06-14 21:33:41[0m - [32m***************************************[0m
[32m2022-06-14 21:33:41[0m - [33mdone[0m
[32m2022-06-15 11:36:18[0m - [33mstarting the experiments with threshold value: 1[0m
[32m2022-06-15 11:36:18[0m - [32m***************************************[0m
[32m2022-06-15 11:36:18[0m - [32mMUTANT COUNT
[0m
[32m2022-06-15 11:36:18[0m - changing the threshold values to 1
[32m2022-06-15 11:36:18[0m - threshold values have been changed
[32m2022-06-15 11:36:18[0m - printing the threshold values
[32m2022-06-15 11:36:27[0m - [32m***************************************[0m
[32m2022-06-15 11:36:27[0m - [32m***************************************[0m
[32m2022-06-15 11:36:27[0m - [32mTHRESHOLD
[0m
[32m2022-06-15 11:36:27[0m - [33mchanging the threshold values to 1[0m
[32m2022-06-15 11:36:27[0m - threshold values have been changed
[32m2022-06-15 11:36:27[0m - printing the threshold values
[32m2022-06-15 11:36:27[0m - [32m***************************************[0m
[32m2022-06-15 11:36:27[0m - [32m***************************************[0m
[32m2022-06-15 11:36:27[0m - [32mDEPENDENCIES
[0m
[32m2022-06-15 11:36:27[0m - [33madding dependencies[0m
[32m2022-06-15 11:36:27[0m - [32m***************************************[0m
[32m2022-06-15 11:36:27[0m - [32m***************************************[0m
[32m2022-06-15 11:36:27[0m - [32mDETECTION
[0m
[32m2022-06-15 11:36:27[0m - [32mrunning test flakiness detection software[0m
[32m2022-06-15 11:36:27[0m - [32m***************************************[0m
[32m2022-06-15 11:36:27[0m - [33mdone[0m
[32m2022-06-15 15:51:04[0m - [33mstarting the experiments with threshold value: 1[0m
[32m2022-06-15 15:51:04[0m - [32m***************************************[0m
[32m2022-06-15 15:51:04[0m - [32mMUTANT COUNT
[0m
[32m2022-06-15 15:51:04[0m - changing the threshold values to 1
[32m2022-06-15 15:51:04[0m - threshold values have been changed
[32m2022-06-15 15:51:04[0m - printing the threshold values
[32m2022-06-15 15:51:11[0m - [32m***************************************[0m
[32m2022-06-15 15:51:11[0m - [32m***************************************[0m
[32m2022-06-15 15:51:11[0m - [32mTHRESHOLD
[0m
[32m2022-06-15 15:51:11[0m - [33mchanging the threshold values to 1[0m
[32m2022-06-15 15:51:11[0m - threshold values have been changed
[32m2022-06-15 15:51:11[0m - printing the threshold values
[32m2022-06-15 15:51:11[0m - [32m***************************************[0m
[32m2022-06-15 15:51:11[0m - [32m***************************************[0m
[32m2022-06-15 15:51:11[0m - [32mDEPENDENCIES
[0m
[32m2022-06-15 15:51:11[0m - [33madding dependencies[0m
[32m2022-06-15 15:51:11[0m - [32m***************************************[0m
[32m2022-06-15 15:51:11[0m - [32m***************************************[0m
[32m2022-06-15 15:51:11[0m - [32mDETECTION
[0m
[32m2022-06-15 15:51:11[0m - [32mrunning test flakiness detection software[0m
[32m2022-06-15 15:51:11[0m - [32m***************************************[0m
[32m2022-06-15 15:51:11[0m - [33mdone[0m
[32m2022-06-15 15:51:58[0m - [33mstarting the experiments with threshold value: 1[0m
[32m2022-06-15 15:51:58[0m - [32m***************************************[0m
[32m2022-06-15 15:51:58[0m - [32mMUTANT COUNT
[0m
[32m2022-06-15 15:51:58[0m - changing the threshold values to 1
[32m2022-06-15 15:51:58[0m - threshold values have been changed
[32m2022-06-15 15:51:58[0m - printing the threshold values
[32m2022-06-15 15:52:04[0m - [32m***************************************[0m
[32m2022-06-15 15:52:04[0m - [32m***************************************[0m
[32m2022-06-15 15:52:04[0m - [32mTHRESHOLD
[0m
[32m2022-06-15 15:52:04[0m - [33mchanging the threshold values to 1[0m
[32m2022-06-15 15:52:04[0m - threshold values have been changed
[32m2022-06-15 15:52:04[0m - printing the threshold values
[32m2022-06-15 15:52:04[0m - [32m***************************************[0m
[32m2022-06-15 15:52:04[0m - [32m***************************************[0m
[32m2022-06-15 15:52:04[0m - [32mDEPENDENCIES
[0m
[32m2022-06-15 15:52:04[0m - [33madding dependencies[0m
[32m2022-06-15 15:52:04[0m - [32m***************************************[0m
[32m2022-06-15 15:52:04[0m - [32m***************************************[0m
[32m2022-06-15 15:52:04[0m - [32mDETECTION
[0m
[32m2022-06-15 15:52:04[0m - [32mrunning test flakiness detection software[0m
[32m2022-06-15 15:52:04[0m - [32m***************************************[0m
[32m2022-06-15 15:52:04[0m - [33mdone[0m
[32m2022-06-15 15:52:13[0m - [33mstarting the experiments with threshold value: 1[0m
[32m2022-06-15 15:52:13[0m - [32m***************************************[0m
[32m2022-06-15 15:52:13[0m - [32mMUTANT COUNT
[0m
[32m2022-06-15 15:52:13[0m - changing the threshold values to 1
[32m2022-06-15 15:52:13[0m - threshold values have been changed
[32m2022-06-15 15:52:13[0m - printing the threshold values
[32m2022-06-15 15:52:19[0m - [32m***************************************[0m
[32m2022-06-15 15:52:19[0m - [32m***************************************[0m
[32m2022-06-15 15:52:19[0m - [32mTHRESHOLD
[0m
[32m2022-06-15 15:52:19[0m - [33mchanging the threshold values to 1[0m
[32m2022-06-15 15:52:19[0m - threshold values have been changed
[32m2022-06-15 15:52:19[0m - printing the threshold values
[32m2022-06-15 15:52:19[0m - [32m***************************************[0m
[32m2022-06-15 15:52:19[0m - [32m***************************************[0m
[32m2022-06-15 15:52:19[0m - [32mDEPENDENCIES
[0m
[32m2022-06-15 15:52:19[0m - [33madding dependencies[0m
[32m2022-06-15 15:52:19[0m - [32m***************************************[0m
[32m2022-06-15 15:52:19[0m - [32m***************************************[0m
[32m2022-06-15 15:52:19[0m - [32mDETECTION
[0m
[32m2022-06-15 15:52:19[0m - [32mrunning test flakiness detection software[0m
[32m2022-06-15 15:52:19[0m - [32m***************************************[0m
[32m2022-06-15 15:52:19[0m - [33mdone[0m
[32m2022-06-15 16:53:26[0m - [33mstarting the experiments with threshold value: 1[0m
[32m2022-06-15 16:53:26[0m - [32m***************************************[0m
[32m2022-06-15 16:53:26[0m - [32mMUTANT COUNT
[0m
[32m2022-06-15 16:53:26[0m - changing the threshold values to 1
[32m2022-06-15 16:53:26[0m - threshold values have been changed
[32m2022-06-15 16:53:26[0m - printing the threshold values
[32m2022-06-15 16:53:32[0m - [32m***************************************[0m
[32m2022-06-15 16:53:32[0m - [32m***************************************[0m
[32m2022-06-15 16:53:32[0m - [32mTHRESHOLD
[0m
[32m2022-06-15 16:53:32[0m - [33mchanging the threshold values to 1[0m
[32m2022-06-15 16:53:32[0m - threshold values have been changed
[32m2022-06-15 16:53:32[0m - printing the threshold values
[32m2022-06-15 16:53:32[0m - [32m***************************************[0m
[32m2022-06-15 16:53:32[0m - [32m***************************************[0m
[32m2022-06-15 16:53:32[0m - [32mDEPENDENCIES
[0m
[32m2022-06-15 16:53:32[0m - [33madding dependencies[0m
[32m2022-06-15 16:53:32[0m - [32m***************************************[0m
[32m2022-06-15 16:53:32[0m - [32m***************************************[0m
[32m2022-06-15 16:53:32[0m - [32mDETECTION
[0m
[32m2022-06-15 16:53:32[0m - [32mrunning test flakiness detection software[0m
[32m2022-06-15 16:53:32[0m - [32m***************************************[0m
[32m2022-06-15 16:53:32[0m - [33mdone[0m
[32m2022-06-15 17:21:12[0m - [33mstarting the experiments with threshold value: 1[0m
[32m2022-06-15 17:21:12[0m - [32m***************************************[0m
[32m2022-06-15 17:21:12[0m - [32mMUTANT COUNT
[0m
[32m2022-06-15 17:21:12[0m - changing the threshold values to 1
[32m2022-06-15 17:21:12[0m - threshold values have been changed
[32m2022-06-15 17:21:12[0m - printing the threshold values
[32m2022-06-15 17:21:19[0m - [32m***************************************[0m
[32m2022-06-15 17:21:19[0m - [32m***************************************[0m
[32m2022-06-15 17:21:19[0m - [32mTHRESHOLD
[0m
[32m2022-06-15 17:21:19[0m - [33mchanging the threshold values to 1[0m
[32m2022-06-15 17:21:19[0m - threshold values have been changed
[32m2022-06-15 17:21:19[0m - printing the threshold values
[32m2022-06-15 17:21:19[0m - [32m***************************************[0m
[32m2022-06-15 17:21:19[0m - [32m***************************************[0m
[32m2022-06-15 17:21:19[0m - [32mDEPENDENCIES
[0m
[32m2022-06-15 17:21:19[0m - [33madding dependencies[0m
[32m2022-06-15 17:21:19[0m - [32m***************************************[0m
[32m2022-06-15 17:21:19[0m - [32m***************************************[0m
[32m2022-06-15 17:21:19[0m - [32mDETECTION
[0m
[32m2022-06-15 17:21:19[0m - [32mrunning test flakiness detection software[0m
[32m2022-06-15 17:21:19[0m - [32m***************************************[0m
[32m2022-06-15 17:21:19[0m - [33mdone[0m
[32m2022-06-15 17:21:57[0m - [33mstarting the experiments with threshold value: 1[0m
[32m2022-06-15 17:21:57[0m - [32m***************************************[0m
[32m2022-06-15 17:21:57[0m - [32mMUTANT COUNT
[0m
[32m2022-06-15 17:21:57[0m - changing the threshold values to 1
[32m2022-06-15 17:21:57[0m - threshold values have been changed
[32m2022-06-15 17:21:57[0m - printing the threshold values
[32m2022-06-15 17:22:03[0m - [32m***************************************[0m
[32m2022-06-15 17:22:03[0m - [32m***************************************[0m
[32m2022-06-15 17:22:03[0m - [32mTHRESHOLD
[0m
[32m2022-06-15 17:22:03[0m - [33mchanging the threshold values to 1[0m
[32m2022-06-15 17:22:03[0m - threshold values have been changed
[32m2022-06-15 17:22:03[0m - printing the threshold values
[32m2022-06-15 17:22:03[0m - [32m***************************************[0m
[32m2022-06-15 17:22:03[0m - [32m***************************************[0m
[32m2022-06-15 17:22:03[0m - [32mDEPENDENCIES
[0m
[32m2022-06-15 17:22:03[0m - [33madding dependencies[0m
[32m2022-06-15 17:22:03[0m - [32m***************************************[0m
[32m2022-06-15 17:22:03[0m - [32m***************************************[0m
[32m2022-06-15 17:22:03[0m - [32mDETECTION
[0m
[32m2022-06-15 17:22:03[0m - [32mrunning test flakiness detection software[0m
[32m2022-06-15 17:22:03[0m - [32m***************************************[0m
[32m2022-06-15 17:22:03[0m - [33mdone[0m
[32m2022-06-16 21:50:08[0m - [33mstarting the experiments with threshold value: 1[0m
[32m2022-06-16 21:50:08[0m - [32m***************************************[0m
[32m2022-06-16 21:50:08[0m - [32mMUTANT COUNT
[0m
[32m2022-06-16 21:50:08[0m - changing the threshold values to 1
[32m2022-06-16 21:50:08[0m - threshold values have been changed
[32m2022-06-16 21:50:08[0m - printing the threshold values
[32m2022-06-16 21:50:14[0m - [32m***************************************[0m
[32m2022-06-16 21:50:14[0m - [32m***************************************[0m
[32m2022-06-16 21:50:14[0m - [32mTHRESHOLD
[0m
[32m2022-06-16 21:50:14[0m - [33mchanging the threshold values to 1[0m
[32m2022-06-16 21:50:14[0m - threshold values have been changed
[32m2022-06-16 21:50:14[0m - printing the threshold values
[32m2022-06-16 21:50:14[0m - [32m***************************************[0m
[32m2022-06-16 21:50:14[0m - [32m***************************************[0m
[32m2022-06-16 21:50:14[0m - [32mDEPENDENCIES
[0m
[32m2022-06-16 21:50:14[0m - [33madding dependencies[0m
[32m2022-06-16 21:50:14[0m - [32m***************************************[0m
[32m2022-06-16 21:50:14[0m - [32m***************************************[0m
[32m2022-06-16 21:50:14[0m - [32mDETECTION
[0m
[32m2022-06-16 21:50:14[0m - [32mrunning test flakiness detection software[0m
[32m2022-06-16 21:50:14[0m - [32m***************************************[0m
[32m2022-06-16 21:50:14[0m - [33mdone[0m
[32m2022-06-21 10:26:07[0m - [33mstarting the experiments with threshold value: 1[0m
[32m2022-06-21 10:26:07[0m - [32m***************************************[0m
[32m2022-06-21 10:26:07[0m - [32mMUTANT COUNT
[0m
[32m2022-06-21 10:26:07[0m - changing the threshold values to 1
[32m2022-06-21 10:26:07[0m - threshold values have been changed
[32m2022-06-21 10:26:07[0m - printing the threshold values
[32m2022-06-21 10:27:17[0m - [33mstarting the experiments with threshold value: 1[0m
[32m2022-06-21 10:27:17[0m - [32m***************************************[0m
[32m2022-06-21 10:27:17[0m - [32mMUTANT COUNT
[0m
[32m2022-06-21 10:27:17[0m - changing the threshold values to 1
[32m2022-06-21 10:27:17[0m - threshold values have been changed
[32m2022-06-21 10:27:17[0m - printing the threshold values
[32m2022-06-21 10:27:32[0m - [32m***************************************[0m
[32m2022-06-21 10:27:32[0m - [32m***************************************[0m
[32m2022-06-21 10:27:32[0m - [32mTHRESHOLD
[0m
[32m2022-06-21 10:27:32[0m - [33mchanging the threshold values to 1[0m
[32m2022-06-21 10:27:32[0m - threshold values have been changed
[32m2022-06-21 10:27:32[0m - printing the threshold values
[32m2022-06-21 10:27:32[0m - [32m***************************************[0m
[32m2022-06-21 10:27:32[0m - [32m***************************************[0m
[32m2022-06-21 10:27:32[0m - [32mDEPENDENCIES
[0m
[32m2022-06-21 10:27:32[0m - [33madding dependencies[0m
[32m2022-06-21 10:27:32[0m - [32m***************************************[0m
[32m2022-06-21 10:27:32[0m - [32m***************************************[0m
[32m2022-06-21 10:27:32[0m - [32mDETECTION
[0m
[32m2022-06-21 10:27:32[0m - [32mrunning test flakiness detection software[0m
[32m2022-06-21 10:27:32[0m - [32m***************************************[0m
[32m2022-06-21 10:27:32[0m - [33mdone[0m
[32m2022-06-21 11:30:29[0m - [33mstarting the experiments with threshold value: 1[0m
[32m2022-06-21 11:30:29[0m - [32m***************************************[0m
[32m2022-06-21 11:30:29[0m - [32mMUTANT COUNT
[0m
[32m2022-06-21 11:30:29[0m - changing the threshold values to 1
[32m2022-06-21 11:30:29[0m - threshold values have been changed
[32m2022-06-21 11:30:29[0m - printing the threshold values
[32m2022-06-21 11:30:50[0m - [33mstarting the experiments with threshold value: 1[0m
[32m2022-06-21 11:30:50[0m - [32m***************************************[0m
[32m2022-06-21 11:30:50[0m - [32mMUTANT COUNT
[0m
[32m2022-06-21 11:30:50[0m - changing the threshold values to 1
[32m2022-06-21 11:30:50[0m - threshold values have been changed
[32m2022-06-21 11:30:50[0m - printing the threshold values
[32m2022-06-21 11:35:12[0m - [33mstarting the experiments with threshold value: 1[0m
[32m2022-06-21 11:35:12[0m - [32m***************************************[0m
[32m2022-06-21 11:35:12[0m - [32mMUTANT COUNT
[0m
[32m2022-06-21 11:35:12[0m - changing the threshold values to 1
[32m2022-06-21 11:35:12[0m - threshold values have been changed
[32m2022-06-21 11:35:12[0m - printing the threshold values
[32m2022-06-21 11:35:24[0m - [32m***************************************[0m
[32m2022-06-21 11:35:24[0m - [32m***************************************[0m
[32m2022-06-21 11:35:24[0m - [32mTHRESHOLD
[0m
[32m2022-06-21 11:35:24[0m - [33mchanging the threshold values to 1[0m
[32m2022-06-21 11:35:24[0m - threshold values have been changed
[32m2022-06-21 11:35:24[0m - printing the threshold values
[32m2022-06-21 11:35:24[0m - [32m***************************************[0m
[32m2022-06-21 11:35:24[0m - [32m***************************************[0m
[32m2022-06-21 11:35:24[0m - [32mDEPENDENCIES
[0m
[32m2022-06-21 11:35:24[0m - [33madding dependencies[0m
[32m2022-06-21 11:35:24[0m - [32m***************************************[0m
[32m2022-06-21 11:35:24[0m - [32m***************************************[0m
[32m2022-06-21 11:35:24[0m - [32mDETECTION
[0m
[32m2022-06-21 11:35:24[0m - [32mrunning test flakiness detection software[0m
[32m2022-06-21 11:35:24[0m - [32m***************************************[0m
[32m2022-06-21 11:35:24[0m - [33mdone[0m
[32m2022-06-21 11:36:21[0m - [33mstarting the experiments with threshold value: 1[0m
[32m2022-06-21 11:36:21[0m - [32m***************************************[0m
[32m2022-06-21 11:36:21[0m - [32mMUTANT COUNT
[0m
[32m2022-06-21 11:36:21[0m - changing the threshold values to 1
[32m2022-06-21 11:36:21[0m - threshold values have been changed
[32m2022-06-21 11:36:21[0m - printing the threshold values
[32m2022-06-21 11:36:27[0m - [33mstarting the experiments with threshold value: 1[0m
[32m2022-06-21 11:36:27[0m - [32m***************************************[0m
[32m2022-06-21 11:36:27[0m - [32mMUTANT COUNT
[0m
[32m2022-06-21 11:36:27[0m - changing the threshold values to 1
[32m2022-06-21 11:36:27[0m - threshold values have been changed
[32m2022-06-21 11:36:27[0m - printing the threshold values
[32m2022-06-21 11:36:44[0m - [33mstarting the experiments with threshold value: 1[0m
[32m2022-06-21 11:36:44[0m - [32m***************************************[0m
[32m2022-06-21 11:36:44[0m - [32mMUTANT COUNT
[0m
[32m2022-06-21 11:36:44[0m - changing the threshold values to 1
[32m2022-06-21 11:36:44[0m - threshold values have been changed
[32m2022-06-21 11:36:44[0m - printing the threshold values
[32m2022-06-21 11:37:02[0m - [33mstarting the experiments with threshold value: 1[0m
[32m2022-06-21 11:37:02[0m - [32m***************************************[0m
[32m2022-06-21 11:37:02[0m - [32mMUTANT COUNT
[0m
[32m2022-06-21 11:37:02[0m - changing the threshold values to 1
[32m2022-06-21 11:37:02[0m - threshold values have been changed
[32m2022-06-21 11:37:02[0m - printing the threshold values
[32m2022-06-21 11:37:15[0m - [33mstarting the experiments with threshold value: 1[0m
[32m2022-06-21 11:37:15[0m - [32m***************************************[0m
[32m2022-06-21 11:37:15[0m - [32mMUTANT COUNT
[0m
[32m2022-06-21 11:37:15[0m - changing the threshold values to 1
[32m2022-06-21 11:37:15[0m - threshold values have been changed
[32m2022-06-21 11:37:15[0m - printing the threshold values
[32m2022-06-21 11:37:47[0m - [33mstarting the experiments with threshold value: 1[0m
[32m2022-06-21 11:37:47[0m - [32m***************************************[0m
[32m2022-06-21 11:37:47[0m - [32mMUTANT COUNT
[0m
[32m2022-06-21 11:37:47[0m - changing the threshold values to 1
[32m2022-06-21 11:37:47[0m - threshold values have been changed
[32m2022-06-21 11:37:47[0m - printing the threshold values
[32m2022-06-21 11:38:03[0m - [33mstarting the experiments with threshold value: 1[0m
[32m2022-06-21 11:38:03[0m - [32m***************************************[0m
[32m2022-06-21 11:38:03[0m - [32mMUTANT COUNT
[0m
[32m2022-06-21 11:38:03[0m - changing the threshold values to 1
[32m2022-06-21 11:38:03[0m - threshold values have been changed
[32m2022-06-21 11:38:03[0m - printing the threshold values
[32m2022-06-21 11:38:21[0m - [33mstarting the experiments with threshold value: 1[0m
[32m2022-06-21 11:38:21[0m - [32m***************************************[0m
[32m2022-06-21 11:38:21[0m - [32mMUTANT COUNT
[0m
[32m2022-06-21 11:38:21[0m - changing the threshold values to 1
[32m2022-06-21 11:38:21[0m - threshold values have been changed
[32m2022-06-21 11:38:21[0m - printing the threshold values
[32m2022-06-21 11:38:32[0m - [32m***************************************[0m
[32m2022-06-21 11:38:32[0m - [32m***************************************[0m
[32m2022-06-21 11:38:32[0m - [32mTHRESHOLD
[0m
[32m2022-06-21 11:38:32[0m - [33mchanging the threshold values to 1[0m
[32m2022-06-21 11:38:32[0m - threshold values have been changed
[32m2022-06-21 11:38:32[0m - printing the threshold values
[32m2022-06-21 11:38:32[0m - [32m***************************************[0m
[32m2022-06-21 11:38:32[0m - [32m***************************************[0m
[32m2022-06-21 11:38:32[0m - [32mDEPENDENCIES
[0m
[32m2022-06-21 11:38:32[0m - [33madding dependencies[0m
[32m2022-06-21 11:38:32[0m - [32m***************************************[0m
[32m2022-06-21 11:38:32[0m - [32m***************************************[0m
[32m2022-06-21 11:38:32[0m - [32mDETECTION
[0m
[32m2022-06-21 11:38:32[0m - [32mrunning test flakiness detection software[0m
[32m2022-06-21 11:38:32[0m - [32m***************************************[0m
[32m2022-06-21 11:38:32[0m - [33mdone[0m
[32m2022-06-21 11:46:38[0m - [33mstarting the experiments with threshold value: 1[0m
[32m2022-06-21 11:46:38[0m - [32m***************************************[0m
[32m2022-06-21 11:46:38[0m - [32mMUTANT COUNT
[0m
[32m2022-06-21 11:46:38[0m - changing the threshold values to 1
[32m2022-06-21 11:46:38[0m - threshold values have been changed
[32m2022-06-21 11:46:38[0m - printing the threshold values
[32m2022-06-21 11:47:55[0m - [33mstarting the experiments with threshold value: 1[0m
[32m2022-06-21 11:47:55[0m - [32m***************************************[0m
[32m2022-06-21 11:47:55[0m - [32mMUTANT COUNT
[0m
[32m2022-06-21 11:47:55[0m - changing the threshold values to 1
[32m2022-06-21 11:47:55[0m - threshold values have been changed
[32m2022-06-21 11:47:55[0m - printing the threshold values
[32m2022-06-21 11:49:52[0m - [33mstarting the experiments with threshold value: 1[0m
[32m2022-06-21 11:49:52[0m - [32m***************************************[0m
[32m2022-06-21 11:49:52[0m - [32mMUTANT COUNT
[0m
[32m2022-06-21 11:49:52[0m - changing the threshold values to 1
[32m2022-06-21 11:49:52[0m - threshold values have been changed
[32m2022-06-21 11:49:52[0m - printing the threshold values
[32m2022-06-21 11:50:23[0m - [33mstarting the experiments with threshold value: 1[0m
[32m2022-06-21 11:50:23[0m - [32m***************************************[0m
[32m2022-06-21 11:50:23[0m - [32mMUTANT COUNT
[0m
[32m2022-06-21 11:50:23[0m - changing the threshold values to 1
[32m2022-06-21 11:50:23[0m - threshold values have been changed
[32m2022-06-21 11:50:23[0m - printing the threshold values
[32m2022-06-21 11:50:45[0m - [32m***************************************[0m
[32m2022-06-21 11:50:45[0m - [32m***************************************[0m
[32m2022-06-21 11:50:45[0m - [32mTHRESHOLD
[0m
[32m2022-06-21 11:50:45[0m - [33mchanging the threshold values to 1[0m
[32m2022-06-21 11:50:45[0m - threshold values have been changed
[32m2022-06-21 11:50:45[0m - printing the threshold values
[32m2022-06-21 11:50:45[0m - [32m***************************************[0m
[32m2022-06-21 11:50:45[0m - [32m***************************************[0m
[32m2022-06-21 11:50:45[0m - [32mDEPENDENCIES
[0m
[32m2022-06-21 11:50:45[0m - [33madding dependencies[0m
[32m2022-06-21 11:50:45[0m - [32m***************************************[0m
[32m2022-06-21 11:50:45[0m - [32m***************************************[0m
[32m2022-06-21 11:50:45[0m - [32mDETECTION
[0m
[32m2022-06-21 11:50:45[0m - [32mrunning test flakiness detection software[0m
[32m2022-06-21 11:50:45[0m - [32m***************************************[0m
[32m2022-06-21 11:50:45[0m - [33mdone[0m
[32m2022-06-21 12:08:24[0m - [33mstarting the experiments with threshold value: 1[0m
[32m2022-06-21 12:08:24[0m - [32m***************************************[0m
[32m2022-06-21 12:08:24[0m - [32mMUTANT COUNT
[0m
[32m2022-06-21 12:08:24[0m - changing the threshold values to 1
[32m2022-06-21 12:08:24[0m - threshold values have been changed
[32m2022-06-21 12:08:24[0m - printing the threshold values
